#! /usr/local/Cellar/icarus-verilog/12.0/bin/vvp
:ivl_version "12.0 (stable)";
:ivl_delay_selection "TYPICAL";
:vpi_time_precision - 12;
:vpi_module "/usr/local/Cellar/icarus-verilog/12.0/lib/ivl/system.vpi";
:vpi_module "/usr/local/Cellar/icarus-verilog/12.0/lib/ivl/vhdl_sys.vpi";
:vpi_module "/usr/local/Cellar/icarus-verilog/12.0/lib/ivl/vhdl_textio.vpi";
:vpi_module "/usr/local/Cellar/icarus-verilog/12.0/lib/ivl/v2005_math.vpi";
:vpi_module "/usr/local/Cellar/icarus-verilog/12.0/lib/ivl/va_math.vpi";
:vpi_module "/usr/local/Cellar/icarus-verilog/12.0/lib/ivl/v2009.vpi";
S_0x7fccd9804400 .scope package, "$unit" "$unit" 2 1;
 .timescale 0 0;
S_0x7fccd9804570 .scope module, "decode" "decode" 3 23;
 .timescale -9 -12;
    .port_info 0 /INPUT 32 "inst";
    .port_info 1 /OUTPUT 5 "rs1";
    .port_info 2 /OUTPUT 5 "rs2";
    .port_info 3 /OUTPUT 5 "rd";
    .port_info 4 /OUTPUT 32 "imm";
    .port_info 5 /OUTPUT 1 "ALUSrc";
    .port_info 6 /OUTPUT 3 "ALUOp";
    .port_info 7 /OUTPUT 1 "branch";
    .port_info 8 /OUTPUT 1 "jump";
    .port_info 9 /OUTPUT 1 "MemRead";
    .port_info 10 /OUTPUT 1 "MemWrite";
    .port_info 11 /OUTPUT 1 "RegWrite";
    .port_info 12 /OUTPUT 1 "MemToReg";
P_0x7fccd9805950 .param/l "opcode_BRANCH" 1 3 66, C4<1100011>;
P_0x7fccd9805990 .param/l "opcode_ITYPE" 1 3 62, C4<0010011>;
P_0x7fccd98059d0 .param/l "opcode_JALR" 1 3 67, C4<1100111>;
P_0x7fccd9805a10 .param/l "opcode_LOAD" 1 3 64, C4<0000011>;
P_0x7fccd9805a50 .param/l "opcode_LUI" 1 3 61, C4<0110111>;
P_0x7fccd9805a90 .param/l "opcode_RTYPE" 1 3 63, C4<0110011>;
P_0x7fccd9805ad0 .param/l "opcode_STORE" 1 3 65, C4<0100011>;
v0x6000021802d0_0 .var "ALUOp", 2 0;
v0x600002180360_0 .var "ALUSrc", 0 0;
v0x6000021803f0_0 .var "MemRead", 0 0;
v0x600002180480_0 .var "MemToReg", 0 0;
v0x600002180510_0 .var "MemWrite", 0 0;
v0x6000021805a0_0 .var "RegWrite", 0 0;
v0x600002180630_0 .var "branch", 0 0;
v0x6000021806c0_0 .net "funct3", 2 0, L_0x600002280140;  1 drivers
v0x600002180750_0 .net "funct7", 6 0, L_0x600002280320;  1 drivers
v0x6000021807e0_0 .var "imm", 31 0;
o0x7fcce00401e8 .functor BUFZ 32, C4<zzzzzzzzzzzzzzzzzzzzzzzzzzzzzzzz>; HiZ drive
v0x600002180870_0 .net "inst", 31 0, o0x7fcce00401e8;  0 drivers
v0x600002180900_0 .var "jump", 0 0;
v0x600002180990_0 .net "opcode", 6 0, L_0x600002280000;  1 drivers
v0x600002180a20_0 .net "rd", 4 0, L_0x6000022800a0;  1 drivers
v0x600002180ab0_0 .net "rs1", 4 0, L_0x6000022801e0;  1 drivers
v0x600002180b40_0 .net "rs2", 4 0, L_0x600002280280;  1 drivers
E_0x600000680c80/0 .event anyedge, v0x600002180990_0, v0x600002180870_0, v0x600002180870_0, v0x600002180870_0;
E_0x600000680c80/1 .event anyedge, v0x600002180870_0, v0x600002180870_0, v0x600002180870_0, v0x600002180870_0;
E_0x600000680c80/2 .event anyedge, v0x600002180870_0;
E_0x600000680c80 .event/or E_0x600000680c80/0, E_0x600000680c80/1, E_0x600000680c80/2;
L_0x600002280000 .part o0x7fcce00401e8, 0, 7;
L_0x6000022800a0 .part o0x7fcce00401e8, 7, 5;
L_0x600002280140 .part o0x7fcce00401e8, 12, 3;
L_0x6000022801e0 .part o0x7fcce00401e8, 15, 5;
L_0x600002280280 .part o0x7fcce00401e8, 20, 5;
L_0x600002280320 .part o0x7fcce00401e8, 25, 7;
    .scope S_0x7fccd9804570;
T_0 ;
Ewait_0 .event/or E_0x600000680c80, E_0x0;
    %wait Ewait_0;
    %pushi/vec4 0, 0, 1;
    %store/vec4 v0x600002180360_0, 0, 1;
    %pushi/vec4 7, 0, 3;
    %store/vec4 v0x6000021802d0_0, 0, 3;
    %pushi/vec4 0, 0, 1;
    %store/vec4 v0x600002180630_0, 0, 1;
    %pushi/vec4 0, 0, 1;
    %store/vec4 v0x600002180900_0, 0, 1;
    %pushi/vec4 0, 0, 1;
    %store/vec4 v0x6000021803f0_0, 0, 1;
    %pushi/vec4 0, 0, 1;
    %store/vec4 v0x600002180510_0, 0, 1;
    %pushi/vec4 0, 0, 1;
    %store/vec4 v0x6000021805a0_0, 0, 1;
    %pushi/vec4 0, 0, 1;
    %store/vec4 v0x600002180480_0, 0, 1;
    %pushi/vec4 0, 0, 32;
    %store/vec4 v0x6000021807e0_0, 0, 32;
    %load/vec4 v0x600002180990_0;
    %dup/vec4;
    %pushi/vec4 55, 0, 7;
    %cmp/u;
    %jmp/1 T_0.0, 6;
    %dup/vec4;
    %pushi/vec4 19, 0, 7;
    %cmp/u;
    %jmp/1 T_0.1, 6;
    %dup/vec4;
    %pushi/vec4 51, 0, 7;
    %cmp/u;
    %jmp/1 T_0.2, 6;
    %dup/vec4;
    %pushi/vec4 3, 0, 7;
    %cmp/u;
    %jmp/1 T_0.3, 6;
    %dup/vec4;
    %pushi/vec4 35, 0, 7;
    %cmp/u;
    %jmp/1 T_0.4, 6;
    %dup/vec4;
    %pushi/vec4 99, 0, 7;
    %cmp/u;
    %jmp/1 T_0.5, 6;
    %dup/vec4;
    %pushi/vec4 103, 0, 7;
    %cmp/u;
    %jmp/1 T_0.6, 6;
    %jmp T_0.8;
T_0.0 ;
    %pushi/vec4 1, 0, 1;
    %store/vec4 v0x6000021805a0_0, 0, 1;
    %pushi/vec4 4, 0, 3;
    %store/vec4 v0x6000021802d0_0, 0, 3;
    %jmp T_0.8;
T_0.1 ;
    %pushi/vec4 1, 0, 1;
    %store/vec4 v0x6000021805a0_0, 0, 1;
    %pushi/vec4 1, 0, 1;
    %store/vec4 v0x600002180360_0, 0, 1;
    %pushi/vec4 2, 0, 3;
    %store/vec4 v0x6000021802d0_0, 0, 3;
    %jmp T_0.8;
T_0.2 ;
    %pushi/vec4 1, 0, 1;
    %store/vec4 v0x6000021805a0_0, 0, 1;
    %pushi/vec4 0, 0, 1;
    %store/vec4 v0x600002180360_0, 0, 1;
    %pushi/vec4 1, 0, 3;
    %store/vec4 v0x6000021802d0_0, 0, 3;
    %jmp T_0.8;
T_0.3 ;
    %pushi/vec4 1, 0, 1;
    %store/vec4 v0x6000021805a0_0, 0, 1;
    %pushi/vec4 1, 0, 1;
    %store/vec4 v0x600002180360_0, 0, 1;
    %pushi/vec4 1, 0, 1;
    %store/vec4 v0x6000021803f0_0, 0, 1;
    %pushi/vec4 1, 0, 1;
    %store/vec4 v0x600002180480_0, 0, 1;
    %pushi/vec4 0, 0, 3;
    %store/vec4 v0x6000021802d0_0, 0, 3;
    %jmp T_0.8;
T_0.4 ;
    %pushi/vec4 1, 0, 1;
    %store/vec4 v0x600002180360_0, 0, 1;
    %pushi/vec4 1, 0, 1;
    %store/vec4 v0x600002180510_0, 0, 1;
    %pushi/vec4 0, 0, 3;
    %store/vec4 v0x6000021802d0_0, 0, 3;
    %jmp T_0.8;
T_0.5 ;
    %pushi/vec4 0, 0, 1;
    %store/vec4 v0x600002180360_0, 0, 1;
    %pushi/vec4 1, 0, 1;
    %store/vec4 v0x600002180630_0, 0, 1;
    %pushi/vec4 3, 0, 3;
    %store/vec4 v0x6000021802d0_0, 0, 3;
    %jmp T_0.8;
T_0.6 ;
    %pushi/vec4 1, 0, 1;
    %store/vec4 v0x6000021805a0_0, 0, 1;
    %pushi/vec4 1, 0, 1;
    %store/vec4 v0x600002180360_0, 0, 1;
    %pushi/vec4 1, 0, 1;
    %store/vec4 v0x600002180900_0, 0, 1;
    %pushi/vec4 5, 0, 3;
    %store/vec4 v0x6000021802d0_0, 0, 3;
    %jmp T_0.8;
T_0.8 ;
    %pop/vec4 1;
    %load/vec4 v0x600002180990_0;
    %dup/vec4;
    %pushi/vec4 55, 0, 7;
    %cmp/u;
    %jmp/1 T_0.9, 6;
    %dup/vec4;
    %pushi/vec4 19, 0, 7;
    %cmp/u;
    %jmp/1 T_0.10, 6;
    %dup/vec4;
    %pushi/vec4 3, 0, 7;
    %cmp/u;
    %jmp/1 T_0.11, 6;
    %dup/vec4;
    %pushi/vec4 103, 0, 7;
    %cmp/u;
    %jmp/1 T_0.12, 6;
    %dup/vec4;
    %pushi/vec4 35, 0, 7;
    %cmp/u;
    %jmp/1 T_0.13, 6;
    %dup/vec4;
    %pushi/vec4 99, 0, 7;
    %cmp/u;
    %jmp/1 T_0.14, 6;
    %pushi/vec4 0, 0, 32;
    %store/vec4 v0x6000021807e0_0, 0, 32;
    %jmp T_0.16;
T_0.9 ;
    %load/vec4 v0x600002180870_0;
    %parti/s 20, 12, 5;
    %concati/vec4 0, 0, 12;
    %store/vec4 v0x6000021807e0_0, 0, 32;
    %jmp T_0.16;
T_0.10 ;
    %load/vec4 v0x600002180870_0;
    %parti/s 1, 31, 6;
    %replicate 20;
    %load/vec4 v0x600002180870_0;
    %parti/s 12, 20, 6;
    %concat/vec4; draw_concat_vec4
    %store/vec4 v0x6000021807e0_0, 0, 32;
    %jmp T_0.16;
T_0.11 ;
    %load/vec4 v0x600002180870_0;
    %parti/s 1, 31, 6;
    %replicate 20;
    %load/vec4 v0x600002180870_0;
    %parti/s 12, 20, 6;
    %concat/vec4; draw_concat_vec4
    %store/vec4 v0x6000021807e0_0, 0, 32;
    %jmp T_0.16;
T_0.12 ;
    %load/vec4 v0x600002180870_0;
    %parti/s 1, 31, 6;
    %replicate 20;
    %load/vec4 v0x600002180870_0;
    %parti/s 12, 20, 6;
    %concat/vec4; draw_concat_vec4
    %store/vec4 v0x6000021807e0_0, 0, 32;
    %jmp T_0.16;
T_0.13 ;
    %load/vec4 v0x600002180870_0;
    %parti/s 1, 31, 6;
    %replicate 20;
    %load/vec4 v0x600002180870_0;
    %parti/s 7, 25, 6;
    %concat/vec4; draw_concat_vec4
    %load/vec4 v0x600002180870_0;
    %parti/s 5, 7, 4;
    %concat/vec4; draw_concat_vec4
    %store/vec4 v0x6000021807e0_0, 0, 32;
    %jmp T_0.16;
T_0.14 ;
    %load/vec4 v0x600002180870_0;
    %parti/s 1, 31, 6;
    %replicate 19;
    %load/vec4 v0x600002180870_0;
    %parti/s 1, 31, 6;
    %concat/vec4; draw_concat_vec4
    %load/vec4 v0x600002180870_0;
    %parti/s 1, 7, 4;
    %concat/vec4; draw_concat_vec4
    %load/vec4 v0x600002180870_0;
    %parti/s 6, 25, 6;
    %concat/vec4; draw_concat_vec4
    %load/vec4 v0x600002180870_0;
    %parti/s 4, 8, 5;
    %concat/vec4; draw_concat_vec4
    %concati/vec4 0, 0, 1;
    %store/vec4 v0x6000021807e0_0, 0, 32;
    %jmp T_0.16;
T_0.16 ;
    %pop/vec4 1;
    %jmp T_0;
    .thread T_0, $push;
# The file index is used to find the file name in the following table.
:file_names 4;
    "N/A";
    "<interactive>";
    "-";
    "decode.sv";
